<?xml version="1.0" encoding="UTF-8"?>
<!-- Generated by org.testng.reporters.JUnitReportReporter -->
<testsuite skipped="0" hostname="DESKTOP-0AA0O4F" name="com.dataprovider.example.Hover" tests="3" failures="0" timestamp="27 Jan 2019 08:04:44 GMT" time="0.966" errors="0">
  <testcase name="testMethod" time="0.144" classname="com.dataprovider.example.Hover"/>
  <testcase name="testMethod" time="0.602" classname="com.dataprovider.example.Hover"/>
  <testcase name="testMethod" time="0.220" classname="com.dataprovider.example.Hover"/>
</testsuite> <!-- com.dataprovider.example.Hover -->
