<?xml version="1.0" encoding="UTF-8"?>
<!-- Generated by org.testng.reporters.JUnitReportReporter -->
<testsuite skipped="0" hostname="DESKTOP-0AA0O4F" name="com.crossbrowsertesting.ToDoCrossBrowser" tests="2" failures="0" timestamp="27 Jan 2019 06:10:59 GMT" time="39.279" errors="0">
  <testcase name="how" time="17.677" classname="com.crossbrowsertesting.ToDoCrossBrowser"/>
  <testcase name="how" time="21.602" classname="com.crossbrowsertesting.ToDoCrossBrowser"/>
</testsuite> <!-- com.crossbrowsertesting.ToDoCrossBrowser -->
